<?xml version="1.0" encoding="UTF-8"?>
<!-- Generated by org.testng.reporters.JUnitReportReporter -->
<testsuite skipped="0" hostname="WP10-D5046" name="com.test.basicTestCase" tests="1" failures="0" timestamp="2021-09-03T14:54:19 ICT" time="0.005" errors="0">
  <testcase name="test1" time="0.005" classname="com.test.basicTestCase"/>
</testsuite> <!-- com.test.basicTestCase -->
